<?xml version="1.0" encoding="UTF-8"?>
<testsuite xmlns:xsi="http://www.w3.org/2001/XMLSchema-instance" xsi:noNamespaceSchemaLocation="https://maven.apache.org/surefire/maven-surefire-plugin/xsd/surefire-test-report-3.0.xsd" version="3.0" name="com.studentmanagement.StudentCourseManagementApplicationTests" time="8.367" tests="1" errors="0" skipped="0" failures="0">
  <properties>
[...]
</properties>
  <testcase name="contextLoads" classname="com.studentmanagement.StudentCourseManagementApplicationTests" time="0.418">
    <system-out><![CDATA[02:53:27.055 [main] INFO org.springframework.test.context.support.AnnotationConfigContextLoaderUtils -- Could not detect default configuration classes for test class [com.studentmanagement.StudentCourseManagementApplicationTests]: StudentCourseManagementApplicationTests does not declare any static, non-private, non-final, nested classes annotated with @Configuration.
02:53:27.144 [main] INFO org.springframework.boot.test.context.SpringBootTestContextBootstrapper -- Found @SpringBootConfiguration com.studentmanagement.StudentCourseManagementApplication for test class com.studentmanagement.StudentCourseManagementApplicationTests
02:53:27.324 [main] INFO org.springframework.boot.devtools.restart.RestartApplicationListener -- Restart disabled due to context in which it is running

  .   ____          _            __ _ _
 /\\ / ___'_ __ _ _(_)_ __  __ _ \ \ \ \
( ( )\___ | '_ | '_| | '_ \/ _` | \ \ \ \
 \\/  ___)| |_)| | | | | || (_| |  ) ) ) )
  '  |____| .__|_| |_|_| |_\__, | / / / /
 =========|_|==============|___/=/_/_/_/
 :: Spring Boot ::                (v3.2.0)

2025-09-21T02:53:27.597+05:30  INFO 32012 --- [           main] .StudentCourseManagementApplicationTests : Starting StudentCourseManagementApplicationTests using Java 17.0.12 with PID 32012 (started by PREETHI in E:\Workspace\student-management-parent\student-course-management-Backend)
2025-09-21T02:53:27.598+05:30 DEBUG 32012 --- [           main] .StudentCourseManagementApplicationTests : Running with Spring Boot v3.2.0, Spring v6.1.1
2025-09-21T02:53:27.599+05:30  INFO 32012 --- [           main] .StudentCourseManagementApplicationTests : No active profile set, falling back to 1 default profile: "default"
2025-09-21T02:53:28.593+05:30  INFO 32012 --- [           main] .s.d.r.c.RepositoryConfigurationDelegate : Bootstrapping Spring Data JPA repositories in DEFAULT mode.
2025-09-21T02:53:28.665+05:30  INFO 32012 --- [           main] .s.d.r.c.RepositoryConfigurationDelegate : Finished Spring Data repository scanning in 63 ms. Found 3 JPA repository interfaces.
2025-09-21T02:53:29.493+05:30  INFO 32012 --- [           main] o.hibernate.jpa.internal.util.LogHelper  : HHH000204: Processing PersistenceUnitInfo [name: default]
2025-09-21T02:53:29.697+05:30  INFO 32012 --- [           main] org.hibernate.Version                    : HHH000412: Hibernate ORM core version 6.3.1.Final
2025-09-21T02:53:29.746+05:30  INFO 32012 --- [           main] o.h.c.internal.RegionFactoryInitiator    : HHH000026: Second-level cache disabled
2025-09-21T02:53:30.184+05:30  INFO 32012 --- [           main] o.s.o.j.p.SpringPersistenceUnitInfo      : No LoadTimeWeaver setup: ignoring JPA class transformer
2025-09-21T02:53:30.223+05:30  INFO 32012 --- [           main] com.zaxxer.hikari.HikariDataSource       : HikariPool-1 - Starting...
2025-09-21T02:53:30.375+05:30  INFO 32012 --- [           main] com.zaxxer.hikari.pool.HikariPool        : HikariPool-1 - Added connection conn0: url=jdbc:h2:mem:studentdb user=SA
2025-09-21T02:53:30.379+05:30  INFO 32012 --- [           main] com.zaxxer.hikari.HikariDataSource       : HikariPool-1 - Start completed.
2025-09-21T02:53:30.401+05:30  WARN 32012 --- [           main] org.hibernate.orm.deprecation            : HHH90000025: H2Dialect does not need to be specified explicitly using 'hibernate.dialect' (remove the property setting and it will be selected by default)
2025-09-21T02:53:31.132+05:30  INFO 32012 --- [           main] o.h.e.t.j.p.i.JtaPlatformInitiator       : HHH000489: No JTA platform available (set 'hibernate.transaction.jta.platform' to enable JTA platform integration)
Hibernate: 
    drop table if exists courses cascade 
Hibernate: 
    drop table if exists student_courses cascade 
Hibernate: 
    drop table if exists students cascade 
Hibernate: 
    create table courses (
        active boolean not null,
        credits integer not null,
        fee numeric(10,2),
        created_at timestamp(6) not null,
        id bigint generated by default as identity,
        updated_at timestamp(6),
        course_code varchar(10) not null unique,
        name varchar(100) not null,
        description varchar(500),
        primary key (id)
    )
Hibernate: 
    create table student_courses (
        course_id bigint not null,
        enrolled_at timestamp(6) not null,
        id bigint generated by default as identity,
        student_id bigint not null,
        enrolled_by varchar(255),
        status varchar(255) not null check (status in ('ACTIVE','COMPLETED','DROPPED','SUSPENDED')),
        primary key (id)
    )
Hibernate: 
    create table students (
        active boolean not null,
        created_at timestamp(6) not null,
        id bigint generated by default as identity,
        updated_at timestamp(6),
        phone varchar(15) not null,
        name varchar(100) not null,
        email varchar(150) not null unique,
        primary key (id)
    )
Hibernate: 
    alter table if exists student_courses 
       add constraint FKsfpq78oyrqua1h0obpl7ulc18 
       foreign key (course_id) 
       references courses
Hibernate: 
    alter table if exists student_courses 
       add constraint FKwj1l0mta35u161acdl2tupoo 
       foreign key (student_id) 
       references students
2025-09-21T02:53:31.177+05:30  INFO 32012 --- [           main] j.LocalContainerEntityManagerFactoryBean : Initialized JPA EntityManagerFactory for persistence unit 'default'
2025-09-21T02:53:32.113+05:30  INFO 32012 --- [           main] o.s.d.j.r.query.QueryEnhancerFactory     : Hibernate is in classpath; If applicable, HQL parser will be used.
2025-09-21T02:53:33.337+05:30  WARN 32012 --- [           main] JpaBaseConfiguration$JpaWebConfiguration : spring.jpa.open-in-view is enabled by default. Therefore, database queries may be performed during view rendering. Explicitly configure spring.jpa.open-in-view to disable this warning
2025-09-21T02:53:34.298+05:30  INFO 32012 --- [           main] o.s.s.web.DefaultSecurityFilterChain     : Will secure any request with [org.springframework.security.web.session.DisableEncodeUrlFilter@5b1c4b48, org.springframework.security.web.context.request.async.WebAsyncManagerIntegrationFilter@5e435f0d, org.springframework.security.web.context.SecurityContextHolderFilter@7a213820, org.springframework.security.web.header.HeaderWriterFilter@20fdd484, org.springframework.web.filter.CorsFilter@51a7ee4e, org.springframework.security.web.authentication.logout.LogoutFilter@5c190662, org.springframework.security.web.authentication.www.BasicAuthenticationFilter@2b35dde3, org.springframework.security.web.savedrequest.RequestCacheAwareFilter@210b4145, org.springframework.security.web.servletapi.SecurityContextHolderAwareRequestFilter@19cb3f, org.springframework.security.web.authentication.AnonymousAuthenticationFilter@424c8ebe, org.springframework.security.web.access.ExceptionTranslationFilter@b7526a9, org.springframework.security.web.access.intercept.AuthorizationFilter@34788780]
2025-09-21T02:53:34.681+05:30  INFO 32012 --- [           main] o.s.b.a.h2.H2ConsoleAutoConfiguration    : H2 console available at '/h2-console'. Database available at 'jdbc:h2:mem:studentdb'
2025-09-21T02:53:34.832+05:30  INFO 32012 --- [           main] .StudentCourseManagementApplicationTests : Started StudentCourseManagementApplicationTests in 7.518 seconds (process running for 8.461)
]]></system-out>
  </testcase>
</testsuite>